2020-03-17 16:20:41,431 INFO 4132 [Timer] D:\egg-learning\node_modules\egg-multipart\app\schedule\clean_tmpdir.js next time will execute after 43758571ms at 2020-03-18 04:30:00.002
2020-03-17 16:20:41,431 INFO 4132 [Timer] D:\egg-learning\node_modules\egg-logrotator\app\schedule\clean_log.js next time will execute after 27558569ms at 2020-03-18 00:00:00.000
2020-03-17 16:20:41,431 INFO 4132 [Timer] D:\egg-learning\node_modules\egg-logrotator\app\schedule\rotate_by_file.js next time will execute after 27559569ms at 2020-03-18 00:00:01.000
2020-03-17 16:20:41,309 INFO 10960 [egg-schedule]: register schedule D:\egg-learning\node_modules\egg-multipart\app\schedule\clean_tmpdir.js
2020-03-17 16:20:41,309 INFO 10960 [egg-schedule]: register schedule D:\egg-learning\node_modules\egg-logrotator\app\schedule\clean_log.js
2020-03-17 16:20:41,309 INFO 10960 [egg-schedule]: register schedule D:\egg-learning\node_modules\egg-logrotator\app\schedule\rotate_by_file.js
2020-03-17 16:26:47,970 INFO 9864 [Timer] D:\egg-learning\node_modules\egg-multipart\app\schedule\clean_tmpdir.js next time will execute after 43392032ms at 2020-03-18 04:30:00.002
2020-03-17 16:26:47,970 INFO 9864 [Timer] D:\egg-learning\node_modules\egg-logrotator\app\schedule\clean_log.js next time will execute after 27192030ms at 2020-03-18 00:00:00.000
2020-03-17 16:26:47,970 INFO 9864 [Timer] D:\egg-learning\node_modules\egg-logrotator\app\schedule\rotate_by_file.js next time will execute after 27193030ms at 2020-03-18 00:00:01.000
2020-03-17 16:26:47,854 INFO 2960 [egg-schedule]: register schedule D:\egg-learning\node_modules\egg-multipart\app\schedule\clean_tmpdir.js
2020-03-17 16:26:47,854 INFO 2960 [egg-schedule]: register schedule D:\egg-learning\node_modules\egg-logrotator\app\schedule\clean_log.js
2020-03-17 16:26:47,854 INFO 2960 [egg-schedule]: register schedule D:\egg-learning\node_modules\egg-logrotator\app\schedule\rotate_by_file.js
2020-03-17 16:27:16,310 INFO 3068 [egg-schedule]: register schedule D:\egg-learning\node_modules\egg-multipart\app\schedule\clean_tmpdir.js
2020-03-17 16:27:16,310 INFO 3068 [egg-schedule]: register schedule D:\egg-learning\node_modules\egg-logrotator\app\schedule\clean_log.js
2020-03-17 16:27:16,310 INFO 3068 [egg-schedule]: register schedule D:\egg-learning\node_modules\egg-logrotator\app\schedule\rotate_by_file.js
2020-03-17 16:27:28,188 INFO 7272 [egg-schedule]: register schedule D:\egg-learning\node_modules\egg-multipart\app\schedule\clean_tmpdir.js
2020-03-17 16:27:28,188 INFO 7272 [egg-schedule]: register schedule D:\egg-learning\node_modules\egg-logrotator\app\schedule\clean_log.js
2020-03-17 16:27:28,188 INFO 7272 [egg-schedule]: register schedule D:\egg-learning\node_modules\egg-logrotator\app\schedule\rotate_by_file.js
2020-03-17 16:27:35,367 INFO 6288 [egg-schedule]: register schedule D:\egg-learning\node_modules\egg-multipart\app\schedule\clean_tmpdir.js
2020-03-17 16:27:35,367 INFO 6288 [egg-schedule]: register schedule D:\egg-learning\node_modules\egg-logrotator\app\schedule\clean_log.js
2020-03-17 16:27:35,367 INFO 6288 [egg-schedule]: register schedule D:\egg-learning\node_modules\egg-logrotator\app\schedule\rotate_by_file.js
2020-03-17 16:27:42,584 INFO 6944 [egg-schedule]: register schedule D:\egg-learning\node_modules\egg-multipart\app\schedule\clean_tmpdir.js
2020-03-17 16:27:42,584 INFO 6944 [egg-schedule]: register schedule D:\egg-learning\node_modules\egg-logrotator\app\schedule\clean_log.js
2020-03-17 16:27:42,584 INFO 6944 [egg-schedule]: register schedule D:\egg-learning\node_modules\egg-logrotator\app\schedule\rotate_by_file.js
2020-03-17 16:27:50,746 INFO 8772 [egg-schedule]: register schedule D:\egg-learning\node_modules\egg-multipart\app\schedule\clean_tmpdir.js
2020-03-17 16:27:50,746 INFO 8772 [egg-schedule]: register schedule D:\egg-learning\node_modules\egg-logrotator\app\schedule\clean_log.js
2020-03-17 16:27:50,746 INFO 8772 [egg-schedule]: register schedule D:\egg-learning\node_modules\egg-logrotator\app\schedule\rotate_by_file.js
2020-03-17 16:27:53,288 INFO 5220 [egg-schedule]: register schedule D:\egg-learning\node_modules\egg-multipart\app\schedule\clean_tmpdir.js
2020-03-17 16:27:53,288 INFO 5220 [egg-schedule]: register schedule D:\egg-learning\node_modules\egg-logrotator\app\schedule\clean_log.js
2020-03-17 16:27:53,288 INFO 5220 [egg-schedule]: register schedule D:\egg-learning\node_modules\egg-logrotator\app\schedule\rotate_by_file.js
2020-03-17 16:27:54,753 INFO 11216 [egg-schedule]: register schedule D:\egg-learning\node_modules\egg-multipart\app\schedule\clean_tmpdir.js
2020-03-17 16:27:54,753 INFO 11216 [egg-schedule]: register schedule D:\egg-learning\node_modules\egg-logrotator\app\schedule\clean_log.js
2020-03-17 16:27:54,753 INFO 11216 [egg-schedule]: register schedule D:\egg-learning\node_modules\egg-logrotator\app\schedule\rotate_by_file.js
2020-03-17 16:28:03,134 INFO 6384 [egg-schedule]: register schedule D:\egg-learning\node_modules\egg-multipart\app\schedule\clean_tmpdir.js
2020-03-17 16:28:03,134 INFO 6384 [egg-schedule]: register schedule D:\egg-learning\node_modules\egg-logrotator\app\schedule\clean_log.js
2020-03-17 16:28:03,134 INFO 6384 [egg-schedule]: register schedule D:\egg-learning\node_modules\egg-logrotator\app\schedule\rotate_by_file.js
2020-03-17 16:28:07,804 INFO 7828 [egg-schedule]: register schedule D:\egg-learning\node_modules\egg-multipart\app\schedule\clean_tmpdir.js
2020-03-17 16:28:07,804 INFO 7828 [egg-schedule]: register schedule D:\egg-learning\node_modules\egg-logrotator\app\schedule\clean_log.js
2020-03-17 16:28:07,804 INFO 7828 [egg-schedule]: register schedule D:\egg-learning\node_modules\egg-logrotator\app\schedule\rotate_by_file.js
2020-03-17 16:28:15,097 INFO 9336 [egg-schedule]: register schedule D:\egg-learning\node_modules\egg-multipart\app\schedule\clean_tmpdir.js
2020-03-17 16:28:15,097 INFO 9336 [egg-schedule]: register schedule D:\egg-learning\node_modules\egg-logrotator\app\schedule\clean_log.js
2020-03-17 16:28:15,097 INFO 9336 [egg-schedule]: register schedule D:\egg-learning\node_modules\egg-logrotator\app\schedule\rotate_by_file.js
2020-03-17 16:28:17,992 INFO 6304 [egg-schedule]: register schedule D:\egg-learning\node_modules\egg-multipart\app\schedule\clean_tmpdir.js
2020-03-17 16:28:17,992 INFO 6304 [egg-schedule]: register schedule D:\egg-learning\node_modules\egg-logrotator\app\schedule\clean_log.js
2020-03-17 16:28:17,992 INFO 6304 [egg-schedule]: register schedule D:\egg-learning\node_modules\egg-logrotator\app\schedule\rotate_by_file.js
2020-03-17 16:29:00,341 INFO 8392 [egg-schedule]: register schedule D:\egg-learning\node_modules\egg-multipart\app\schedule\clean_tmpdir.js
2020-03-17 16:29:00,341 INFO 8392 [egg-schedule]: register schedule D:\egg-learning\node_modules\egg-logrotator\app\schedule\clean_log.js
2020-03-17 16:29:00,341 INFO 8392 [egg-schedule]: register schedule D:\egg-learning\node_modules\egg-logrotator\app\schedule\rotate_by_file.js
2020-03-17 16:29:05,872 INFO 4768 [egg-schedule]: register schedule D:\egg-learning\node_modules\egg-multipart\app\schedule\clean_tmpdir.js
2020-03-17 16:29:05,872 INFO 4768 [egg-schedule]: register schedule D:\egg-learning\node_modules\egg-logrotator\app\schedule\clean_log.js
2020-03-17 16:29:05,872 INFO 4768 [egg-schedule]: register schedule D:\egg-learning\node_modules\egg-logrotator\app\schedule\rotate_by_file.js
2020-03-17 16:29:09,515 INFO 8188 [egg-schedule]: register schedule D:\egg-learning\node_modules\egg-multipart\app\schedule\clean_tmpdir.js
2020-03-17 16:29:09,515 INFO 8188 [egg-schedule]: register schedule D:\egg-learning\node_modules\egg-logrotator\app\schedule\clean_log.js
2020-03-17 16:29:09,515 INFO 8188 [egg-schedule]: register schedule D:\egg-learning\node_modules\egg-logrotator\app\schedule\rotate_by_file.js
2020-03-17 16:29:10,756 INFO 772 [egg-schedule]: register schedule D:\egg-learning\node_modules\egg-multipart\app\schedule\clean_tmpdir.js
2020-03-17 16:29:10,756 INFO 772 [egg-schedule]: register schedule D:\egg-learning\node_modules\egg-logrotator\app\schedule\clean_log.js
2020-03-17 16:29:10,756 INFO 772 [egg-schedule]: register schedule D:\egg-learning\node_modules\egg-logrotator\app\schedule\rotate_by_file.js
2020-03-17 16:29:15,175 INFO 10020 [egg-schedule]: register schedule D:\egg-learning\node_modules\egg-multipart\app\schedule\clean_tmpdir.js
2020-03-17 16:29:15,175 INFO 10020 [egg-schedule]: register schedule D:\egg-learning\node_modules\egg-logrotator\app\schedule\clean_log.js
2020-03-17 16:29:15,175 INFO 10020 [egg-schedule]: register schedule D:\egg-learning\node_modules\egg-logrotator\app\schedule\rotate_by_file.js
2020-03-17 16:29:17,668 INFO 7520 [egg-schedule]: register schedule D:\egg-learning\node_modules\egg-multipart\app\schedule\clean_tmpdir.js
2020-03-17 16:29:17,668 INFO 7520 [egg-schedule]: register schedule D:\egg-learning\node_modules\egg-logrotator\app\schedule\clean_log.js
2020-03-17 16:29:17,669 INFO 7520 [egg-schedule]: register schedule D:\egg-learning\node_modules\egg-logrotator\app\schedule\rotate_by_file.js
2020-03-17 16:29:20,164 INFO 8272 [egg-schedule]: register schedule D:\egg-learning\node_modules\egg-multipart\app\schedule\clean_tmpdir.js
2020-03-17 16:29:20,164 INFO 8272 [egg-schedule]: register schedule D:\egg-learning\node_modules\egg-logrotator\app\schedule\clean_log.js
2020-03-17 16:29:20,164 INFO 8272 [egg-schedule]: register schedule D:\egg-learning\node_modules\egg-logrotator\app\schedule\rotate_by_file.js
2020-03-17 16:29:48,697 INFO 10212 [egg-schedule]: register schedule D:\egg-learning\node_modules\egg-multipart\app\schedule\clean_tmpdir.js
2020-03-17 16:29:48,697 INFO 10212 [egg-schedule]: register schedule D:\egg-learning\node_modules\egg-logrotator\app\schedule\clean_log.js
2020-03-17 16:29:48,697 INFO 10212 [egg-schedule]: register schedule D:\egg-learning\node_modules\egg-logrotator\app\schedule\rotate_by_file.js
2020-03-17 16:29:53,109 INFO 4128 [egg-schedule]: register schedule D:\egg-learning\node_modules\egg-multipart\app\schedule\clean_tmpdir.js
2020-03-17 16:29:53,109 INFO 4128 [egg-schedule]: register schedule D:\egg-learning\node_modules\egg-logrotator\app\schedule\clean_log.js
2020-03-17 16:29:53,109 INFO 4128 [egg-schedule]: register schedule D:\egg-learning\node_modules\egg-logrotator\app\schedule\rotate_by_file.js
2020-03-17 16:30:04,226 INFO 8284 [egg-schedule]: register schedule D:\egg-learning\node_modules\egg-multipart\app\schedule\clean_tmpdir.js
2020-03-17 16:30:04,226 INFO 8284 [egg-schedule]: register schedule D:\egg-learning\node_modules\egg-logrotator\app\schedule\clean_log.js
2020-03-17 16:30:04,226 INFO 8284 [egg-schedule]: register schedule D:\egg-learning\node_modules\egg-logrotator\app\schedule\rotate_by_file.js
2020-03-17 16:30:18,917 INFO 11028 [egg-schedule]: register schedule D:\egg-learning\node_modules\egg-multipart\app\schedule\clean_tmpdir.js
2020-03-17 16:30:18,917 INFO 11028 [egg-schedule]: register schedule D:\egg-learning\node_modules\egg-logrotator\app\schedule\clean_log.js
2020-03-17 16:30:18,917 INFO 11028 [egg-schedule]: register schedule D:\egg-learning\node_modules\egg-logrotator\app\schedule\rotate_by_file.js
2020-03-17 16:30:20,179 INFO 10476 [egg-schedule]: register schedule D:\egg-learning\node_modules\egg-multipart\app\schedule\clean_tmpdir.js
2020-03-17 16:30:20,179 INFO 10476 [egg-schedule]: register schedule D:\egg-learning\node_modules\egg-logrotator\app\schedule\clean_log.js
2020-03-17 16:30:20,179 INFO 10476 [egg-schedule]: register schedule D:\egg-learning\node_modules\egg-logrotator\app\schedule\rotate_by_file.js
2020-03-17 16:30:21,591 INFO 9040 [egg-schedule]: register schedule D:\egg-learning\node_modules\egg-multipart\app\schedule\clean_tmpdir.js
2020-03-17 16:30:21,591 INFO 9040 [egg-schedule]: register schedule D:\egg-learning\node_modules\egg-logrotator\app\schedule\clean_log.js
2020-03-17 16:30:21,591 INFO 9040 [egg-schedule]: register schedule D:\egg-learning\node_modules\egg-logrotator\app\schedule\rotate_by_file.js
